0 info it worked if it ends with ok
1 verbose cli [ '/Users/jayeshmori/.nvm/versions/node/v0.12.4/bin/node',
1 verbose cli   '/Users/jayeshmori/.nvm/versions/node/v0.12.4/bin/npm',
1 verbose cli   'install',
1 verbose cli   '--dev' ]
2 info using npm@2.10.1
3 info using node@v0.12.4
4 verbose readDependencies loading dependencies from /Users/jayeshmori/src/npms/java-ssl/package.json
5 warn package.json java-ssl@1.0.0 No repository field.
6 warn package.json java-ssl@1.0.0 No README data
7 verbose install where, deps [ '/Users/jayeshmori/src/npms/java-ssl',
7 verbose install   [ 'java', 'chai', 'mocha', 'sinon' ] ]
8 verbose install where, peers [ '/Users/jayeshmori/src/npms/java-ssl', [] ]
9 verbose installManyTop reading for lifecycle /Users/jayeshmori/src/npms/java-ssl/package.json
10 info preinstall java-ssl@1.0.0
11 verbose installManyTop reading scoped package data from /Users/jayeshmori/src/npms/java-ssl/node_modules/chai/package.json
12 verbose installManyTop reading scoped package data from /Users/jayeshmori/src/npms/java-ssl/node_modules/java/package.json
13 verbose installManyTop reading scoped package data from /Users/jayeshmori/src/npms/java-ssl/node_modules/mocha/package.json
14 verbose installManyTop reading scoped package data from /Users/jayeshmori/src/npms/java-ssl/node_modules/sinon/package.json
15 verbose readDependencies loading dependencies from /Users/jayeshmori/src/npms/java-ssl/package.json
16 verbose targetResolver reading package data from /Users/jayeshmori/src/npms/java-ssl/node_modules/chai/package.json
17 verbose targetResolver reading package data from /Users/jayeshmori/src/npms/java-ssl/node_modules/java/package.json
18 verbose targetResolver reading package data from /Users/jayeshmori/src/npms/java-ssl/node_modules/mocha/package.json
19 verbose targetResolver reading package data from /Users/jayeshmori/src/npms/java-ssl/node_modules/sinon/package.json
20 verbose already installed skipping java@* /Users/jayeshmori/src/npms/java-ssl
21 verbose already installed skipping chai@^3.4.1 /Users/jayeshmori/src/npms/java-ssl
22 verbose already installed skipping mocha@^2.3.4 /Users/jayeshmori/src/npms/java-ssl
23 verbose already installed skipping sinon@^1.17.2 /Users/jayeshmori/src/npms/java-ssl
24 silly install resolved []
25 info build /Users/jayeshmori/src/npms/java-ssl
26 info linkStuff java-ssl@1.0.0
27 silly linkStuff java-ssl@1.0.0 has /Users/jayeshmori/src/npms as its parent node_modules
28 verbose linkBins java-ssl@1.0.0
29 verbose linkMans java-ssl@1.0.0
30 verbose rebuildBundles java-ssl@1.0.0
31 verbose rebuildBundles [ 'chai', 'java', 'mocha', 'sinon' ]
32 info install java-ssl@1.0.0
33 info postinstall java-ssl@1.0.0
34 info prepublish java-ssl@1.0.0
35 verbose validateInstall loading /Users/jayeshmori/src/npms/java-ssl/package.json for validation
36 warn unmet dependency /Users/jayeshmori/src/npms/java-ssl/node_modules/mocha/node_modules/jade requires commander@'0.6.1' but will load
36 warn unmet dependency /Users/jayeshmori/src/npms/java-ssl/node_modules/mocha/node_modules/commander,
36 warn unmet dependency which is version 2.3.0
37 warn unmet dependency /Users/jayeshmori/src/npms/java-ssl/node_modules/mocha/node_modules/jade requires mkdirp@'0.3.0' but will load
37 warn unmet dependency /Users/jayeshmori/src/npms/java-ssl/node_modules/mocha/node_modules/mkdirp,
37 warn unmet dependency which is version 0.5.0
38 warn unmet dependency /Users/jayeshmori/src/npms/java-ssl/node_modules/mocha/node_modules/browserify requires glob@'^4.0.5' but will load
38 warn unmet dependency /Users/jayeshmori/src/npms/java-ssl/node_modules/mocha/node_modules/glob,
38 warn unmet dependency which is version 3.2.3
39 warn unmet dependency /Users/jayeshmori/src/npms/java-ssl/node_modules/mocha/node_modules/browserify requires through2@'^1.0.0' but will load
39 warn unmet dependency /Users/jayeshmori/src/npms/java-ssl/node_modules/mocha/node_modules/through2,
39 warn unmet dependency which is version 0.6.5
40 warn unmet dependency /Users/jayeshmori/src/npms/java-ssl/node_modules/mocha/node_modules/coffee-script requires mkdirp@'~0.3.5' but will load
40 warn unmet dependency /Users/jayeshmori/src/npms/java-ssl/node_modules/mocha/node_modules/mkdirp,
40 warn unmet dependency which is version 0.5.0
41 warn unmet dependency /Users/jayeshmori/src/npms/java-ssl/node_modules/mocha/node_modules/eslint requires glob@'^5.0.14' but will load
41 warn unmet dependency /Users/jayeshmori/src/npms/java-ssl/node_modules/mocha/node_modules/glob,
41 warn unmet dependency which is version 3.2.3
42 warn unmet dependency /Users/jayeshmori/src/npms/java-ssl/node_modules/mocha/node_modules/through2/node_modules/stream-spigot requires readable-stream@'~1.1.0' but will load
42 warn unmet dependency /Users/jayeshmori/src/npms/java-ssl/node_modules/mocha/node_modules/through2/node_modules/readable-stream,
42 warn unmet dependency which is version 1.0.33
43 warn unmet dependency /Users/jayeshmori/src/npms/java-ssl/node_modules/mocha/node_modules/through2/node_modules/tape requires glob@'^3.2.9' but will load
43 warn unmet dependency /Users/jayeshmori/src/npms/java-ssl/node_modules/mocha/node_modules/glob,
43 warn unmet dependency which is version 3.2.3
44 warn unmet dependency /Users/jayeshmori/src/npms/java-ssl/node_modules/chai/node_modules/assertion-error/node_modules/component/node_modules/superagent requires debug@'~0.7.2' but will load
44 warn unmet dependency /Users/jayeshmori/src/npms/java-ssl/node_modules/chai/node_modules/assertion-error/node_modules/component/node_modules/debug,
44 warn unmet dependency which is version 2.2.0
45 warn unmet dependency /Users/jayeshmori/src/npms/java-ssl/node_modules/chai/node_modules/assertion-error/node_modules/component/node_modules/tiny-lr-fork requires debug@'~0.7.0' but will load
45 warn unmet dependency /Users/jayeshmori/src/npms/java-ssl/node_modules/chai/node_modules/assertion-error/node_modules/component/node_modules/debug,
45 warn unmet dependency which is version 2.2.0
46 warn unmet dependency /Users/jayeshmori/src/npms/java-ssl/node_modules/chai/node_modules/assertion-error/node_modules/component/node_modules/mocha requires commander@'2.3.0' but will load
46 warn unmet dependency /Users/jayeshmori/src/npms/java-ssl/node_modules/chai/node_modules/assertion-error/node_modules/component/node_modules/commander,
46 warn unmet dependency which is version 2.9.0
47 warn unmet dependency /Users/jayeshmori/src/npms/java-ssl/node_modules/chai/node_modules/assertion-error/node_modules/component/node_modules/mocha requires debug@'2.0.0' but will load
47 warn unmet dependency /Users/jayeshmori/src/npms/java-ssl/node_modules/chai/node_modules/assertion-error/node_modules/component/node_modules/debug,
47 warn unmet dependency which is version 2.2.0
48 warn unmet dependency /Users/jayeshmori/src/npms/java-ssl/node_modules/chai/node_modules/assertion-error/node_modules/component/node_modules/mocha requires mkdirp@'0.5.0' but will load
48 warn unmet dependency /Users/jayeshmori/src/npms/java-ssl/node_modules/chai/node_modules/assertion-error/node_modules/component/node_modules/mkdirp,
48 warn unmet dependency which is version 0.3.5
49 warn unmet dependency /Users/jayeshmori/src/npms/java-ssl/node_modules/chai/node_modules/deep-eql/node_modules/component/node_modules/superagent requires debug@'~0.7.2' but will load
49 warn unmet dependency /Users/jayeshmori/src/npms/java-ssl/node_modules/chai/node_modules/deep-eql/node_modules/component/node_modules/debug,
49 warn unmet dependency which is version 2.2.0
50 warn unmet dependency /Users/jayeshmori/src/npms/java-ssl/node_modules/chai/node_modules/deep-eql/node_modules/component/node_modules/tiny-lr-fork requires debug@'~0.7.0' but will load
50 warn unmet dependency /Users/jayeshmori/src/npms/java-ssl/node_modules/chai/node_modules/deep-eql/node_modules/component/node_modules/debug,
50 warn unmet dependency which is version 2.2.0
51 warn unmet dependency /Users/jayeshmori/src/npms/java-ssl/node_modules/chai/node_modules/deep-eql/node_modules/component/node_modules/mocha requires commander@'2.3.0' but will load
51 warn unmet dependency /Users/jayeshmori/src/npms/java-ssl/node_modules/chai/node_modules/deep-eql/node_modules/component/node_modules/commander,
51 warn unmet dependency which is version 2.9.0
52 warn unmet dependency /Users/jayeshmori/src/npms/java-ssl/node_modules/chai/node_modules/deep-eql/node_modules/component/node_modules/mocha requires debug@'2.0.0' but will load
52 warn unmet dependency /Users/jayeshmori/src/npms/java-ssl/node_modules/chai/node_modules/deep-eql/node_modules/component/node_modules/debug,
52 warn unmet dependency which is version 2.2.0
53 warn unmet dependency /Users/jayeshmori/src/npms/java-ssl/node_modules/chai/node_modules/deep-eql/node_modules/component/node_modules/mocha requires mkdirp@'0.5.0' but will load
53 warn unmet dependency /Users/jayeshmori/src/npms/java-ssl/node_modules/chai/node_modules/deep-eql/node_modules/component/node_modules/mkdirp,
53 warn unmet dependency which is version 0.3.5
54 warn unmet dependency /Users/jayeshmori/src/npms/java-ssl/node_modules/chai/node_modules/type-detect/node_modules/component/node_modules/superagent requires debug@'~0.7.2' but will load
54 warn unmet dependency /Users/jayeshmori/src/npms/java-ssl/node_modules/chai/node_modules/type-detect/node_modules/component/node_modules/debug,
54 warn unmet dependency which is version 2.2.0
55 warn unmet dependency /Users/jayeshmori/src/npms/java-ssl/node_modules/chai/node_modules/type-detect/node_modules/component/node_modules/tiny-lr-fork requires debug@'~0.7.0' but will load
55 warn unmet dependency /Users/jayeshmori/src/npms/java-ssl/node_modules/chai/node_modules/type-detect/node_modules/component/node_modules/debug,
55 warn unmet dependency which is version 2.2.0
56 warn unmet dependency /Users/jayeshmori/src/npms/java-ssl/node_modules/chai/node_modules/type-detect/node_modules/component/node_modules/mocha requires commander@'2.3.0' but will load
56 warn unmet dependency /Users/jayeshmori/src/npms/java-ssl/node_modules/chai/node_modules/type-detect/node_modules/component/node_modules/commander,
56 warn unmet dependency which is version 2.9.0
57 warn unmet dependency /Users/jayeshmori/src/npms/java-ssl/node_modules/chai/node_modules/type-detect/node_modules/component/node_modules/mocha requires debug@'2.0.0' but will load
57 warn unmet dependency /Users/jayeshmori/src/npms/java-ssl/node_modules/chai/node_modules/type-detect/node_modules/component/node_modules/debug,
57 warn unmet dependency which is version 2.2.0
58 warn unmet dependency /Users/jayeshmori/src/npms/java-ssl/node_modules/chai/node_modules/type-detect/node_modules/component/node_modules/mocha requires mkdirp@'0.5.0' but will load
58 warn unmet dependency /Users/jayeshmori/src/npms/java-ssl/node_modules/chai/node_modules/type-detect/node_modules/component/node_modules/mkdirp,
58 warn unmet dependency which is version 0.3.5
59 warn unmet dependency /Users/jayeshmori/src/npms/java-ssl/node_modules/chai/node_modules/bump-cli/node_modules/chai requires assertion-error@'1.0.0' but will load
59 warn unmet dependency /Users/jayeshmori/src/npms/java-ssl/node_modules/chai/node_modules/assertion-error,
59 warn unmet dependency which is version 1.0.1
60 warn unmet dependency /Users/jayeshmori/src/npms/java-ssl/node_modules/chai/node_modules/karma-mocha/node_modules/grunt-auto-release/node_modules/chai requires assertion-error@'1.0.0' but will load
60 warn unmet dependency /Users/jayeshmori/src/npms/java-ssl/node_modules/chai/node_modules/assertion-error,
60 warn unmet dependency which is version 1.0.1
61 warn unmet dependency /Users/jayeshmori/src/npms/java-ssl/node_modules/chai/node_modules/karma-mocha/node_modules/grunt-bump/node_modules/grunt-conventional-changelog/node_modules/grunt-bump requires semver@'^4.3.3' but will load
61 warn unmet dependency /Users/jayeshmori/src/npms/java-ssl/node_modules/chai/node_modules/karma-mocha/node_modules/grunt-bump/node_modules/semver,
61 warn unmet dependency which is version 2.3.2
62 warn unmet dependency /Users/jayeshmori/src/npms/java-ssl/node_modules/chai/node_modules/karma-mocha/node_modules/grunt-contrib-jshint/node_modules/grunt-contrib-internal/node_modules/grunt-contrib-jshint requires jshint@'~2.8.0' but will load
62 warn unmet dependency /Users/jayeshmori/src/npms/java-ssl/node_modules/chai/node_modules/karma-mocha/node_modules/grunt-contrib-jshint/node_modules/jshint,
62 warn unmet dependency which is version 2.5.11
63 warn unmet dependency /Users/jayeshmori/src/npms/java-ssl/node_modules/chai/node_modules/karma-mocha/node_modules/grunt-contrib-jshint/node_modules/grunt-contrib-nodeunit/node_modules/grunt-contrib-jshint requires jshint@'~2.4.0' but will load
63 warn unmet dependency /Users/jayeshmori/src/npms/java-ssl/node_modules/chai/node_modules/karma-mocha/node_modules/grunt-contrib-jshint/node_modules/jshint,
63 warn unmet dependency which is version 2.5.11
64 warn unmet dependency /Users/jayeshmori/src/npms/java-ssl/node_modules/chai/node_modules/karma-mocha/node_modules/grunt-jscs-checker/node_modules/jscs requires vow@'~0.3.12' but will load
64 warn unmet dependency /Users/jayeshmori/src/npms/java-ssl/node_modules/chai/node_modules/karma-mocha/node_modules/grunt-jscs-checker/node_modules/vow,
64 warn unmet dependency which is version 0.4.11
65 warn unmet dependency /Users/jayeshmori/src/npms/java-ssl/node_modules/chai/node_modules/karma-sauce-launcher/node_modules/wd requires q@'~1.4.1' but will load
65 warn unmet dependency /Users/jayeshmori/src/npms/java-ssl/node_modules/chai/node_modules/karma-sauce-launcher/node_modules/q,
65 warn unmet dependency which is version 0.9.7
66 warn unmet dependency /Users/jayeshmori/src/npms/java-ssl/node_modules/chai/node_modules/karma-sauce-launcher/node_modules/karma-sauce-launcher requires wd@'~0.2.8' but will load
66 warn unmet dependency /Users/jayeshmori/src/npms/java-ssl/node_modules/chai/node_modules/karma-sauce-launcher/node_modules/wd,
66 warn unmet dependency which is version 0.3.12
67 warn unmet dependency /Users/jayeshmori/src/npms/java-ssl/node_modules/chai/node_modules/karma-sauce-launcher/node_modules/karma-sauce-launcher requires sauce-connect-launcher@'~0.3.0' but will load
67 warn unmet dependency /Users/jayeshmori/src/npms/java-ssl/node_modules/chai/node_modules/karma-sauce-launcher/node_modules/sauce-connect-launcher,
67 warn unmet dependency which is version 0.11.1
68 warn unmet dependency /Users/jayeshmori/src/npms/java-ssl/node_modules/chai/node_modules/karma-sauce-launcher/node_modules/q/node_modules/promises-aplus-tests requires mocha@'~1.11.0' but will load
68 warn unmet dependency /Users/jayeshmori/src/npms/java-ssl/node_modules/mocha,
68 warn unmet dependency which is version 2.3.4
69 warn unmet dependency /Users/jayeshmori/src/npms/java-ssl/node_modules/chai/node_modules/karma-sauce-launcher/node_modules/q/node_modules/promises-aplus-tests requires sinon@'~1.7.3' but will load
69 warn unmet dependency /Users/jayeshmori/src/npms/java-ssl/node_modules/sinon,
69 warn unmet dependency which is version 1.17.2
70 warn unmet dependency /Users/jayeshmori/src/npms/java-ssl/node_modules/chai/node_modules/karma-sauce-launcher/node_modules/karma-jasmine/node_modules/grunt-karma requires karma@'~0.8.5' but will load
70 warn unmet dependency /Users/jayeshmori/src/npms/java-ssl/node_modules/chai/node_modules/karma-sauce-launcher/node_modules/karma,
70 warn unmet dependency which is version 0.13.15
71 warn unmet dependency /Users/jayeshmori/src/npms/java-ssl/node_modules/chai/node_modules/karma-sauce-launcher/node_modules/grunt-auto-release/node_modules/chai requires assertion-error@'1.0.0' but will load
71 warn unmet dependency /Users/jayeshmori/src/npms/java-ssl/node_modules/chai/node_modules/assertion-error,
71 warn unmet dependency which is version 1.0.1
72 warn unmet dependency /Users/jayeshmori/src/npms/java-ssl/node_modules/chai/node_modules/karma-sauce-launcher/node_modules/grunt-bump/node_modules/grunt-contrib-nodeunit/node_modules/nodeunit requires tap@'^0.7.1' but will load
72 warn unmet dependency /Users/jayeshmori/src/npms/java-ssl/node_modules/chai/node_modules/karma-sauce-launcher/node_modules/grunt-bump/node_modules/grunt-contrib-nodeunit/node_modules/tap,
72 warn unmet dependency which is version 0.4.13
73 warn unmet dependency /Users/jayeshmori/src/npms/java-ssl/node_modules/chai/node_modules/karma-sauce-launcher/node_modules/grunt-bump/node_modules/grunt-conventional-changelog/node_modules/grunt-bump requires semver@'^4.3.3' but will load
73 warn unmet dependency /Users/jayeshmori/src/npms/java-ssl/node_modules/chai/node_modules/karma-sauce-launcher/node_modules/grunt-bump/node_modules/semver,
73 warn unmet dependency which is version 2.3.2
74 warn unmet dependency /Users/jayeshmori/src/npms/java-ssl/node_modules/chai/node_modules/karma-firefox-launcher/node_modules/grunt-auto-release/node_modules/chai requires assertion-error@'1.0.0' but will load
74 warn unmet dependency /Users/jayeshmori/src/npms/java-ssl/node_modules/chai/node_modules/assertion-error,
74 warn unmet dependency which is version 1.0.1
75 warn unmet dependency /Users/jayeshmori/src/npms/java-ssl/node_modules/chai/node_modules/karma-firefox-launcher/node_modules/grunt-bump/node_modules/grunt-contrib-jshint/node_modules/grunt-contrib-internal/node_modules/grunt-contrib-jshint requires jshint@'~2.8.0' but will load
75 warn unmet dependency /Users/jayeshmori/src/npms/java-ssl/node_modules/chai/node_modules/karma-firefox-launcher/node_modules/grunt-bump/node_modules/grunt-contrib-jshint/node_modules/jshint,
75 warn unmet dependency which is version 2.5.11
76 warn unmet dependency /Users/jayeshmori/src/npms/java-ssl/node_modules/chai/node_modules/karma-firefox-launcher/node_modules/grunt-bump/node_modules/grunt-contrib-jshint/node_modules/grunt-contrib-nodeunit/node_modules/grunt-contrib-jshint requires jshint@'~2.4.0' but will load
76 warn unmet dependency /Users/jayeshmori/src/npms/java-ssl/node_modules/chai/node_modules/karma-firefox-launcher/node_modules/grunt-bump/node_modules/grunt-contrib-jshint/node_modules/jshint,
76 warn unmet dependency which is version 2.5.11
77 warn unmet dependency /Users/jayeshmori/src/npms/java-ssl/node_modules/chai/node_modules/karma-firefox-launcher/node_modules/grunt-bump/node_modules/grunt-contrib-nodeunit/node_modules/nodeunit requires tap@'^0.7.1' but will load
77 warn unmet dependency /Users/jayeshmori/src/npms/java-ssl/node_modules/chai/node_modules/karma-firefox-launcher/node_modules/grunt-bump/node_modules/grunt-contrib-nodeunit/node_modules/tap,
77 warn unmet dependency which is version 0.4.13
78 warn unmet dependency /Users/jayeshmori/src/npms/java-ssl/node_modules/chai/node_modules/karma-phantomjs-launcher/node_modules/grunt-bump/node_modules/grunt-contrib-nodeunit/node_modules/nodeunit requires tap@'^0.7.1' but will load
78 warn unmet dependency /Users/jayeshmori/src/npms/java-ssl/node_modules/chai/node_modules/karma-phantomjs-launcher/node_modules/grunt-bump/node_modules/grunt-contrib-nodeunit/node_modules/tap,
78 warn unmet dependency which is version 0.4.13
79 warn unmet dependency /Users/jayeshmori/src/npms/java-ssl/node_modules/chai/node_modules/karma-phantomjs-launcher/node_modules/grunt-auto-release/node_modules/chai requires assertion-error@'1.0.0' but will load
79 warn unmet dependency /Users/jayeshmori/src/npms/java-ssl/node_modules/chai/node_modules/assertion-error,
79 warn unmet dependency which is version 1.0.1
80 warn unmet dependency /Users/jayeshmori/src/npms/java-ssl/node_modules/chai/node_modules/karma-phantomjs-launcher/node_modules/karma-jasmine/node_modules/grunt-karma/node_modules/karma requires lodash@'^3.8.0' but will load
80 warn unmet dependency /Users/jayeshmori/src/npms/java-ssl/node_modules/chai/node_modules/karma-phantomjs-launcher/node_modules/karma-jasmine/node_modules/grunt-karma/node_modules/lodash,
80 warn unmet dependency which is version 2.4.2
81 warn unmet dependency /Users/jayeshmori/src/npms/java-ssl/node_modules/chai/node_modules/karma-phantomjs-launcher/node_modules/grunt-conventional-changelog/node_modules/conventional-changelog/node_modules/chai requires assertion-error@'1.0.0' but will load
81 warn unmet dependency /Users/jayeshmori/src/npms/java-ssl/node_modules/chai/node_modules/assertion-error,
81 warn unmet dependency which is version 1.0.1
82 warn unmet dependency /Users/jayeshmori/src/npms/java-ssl/node_modules/chai/node_modules/karma-phantomjs-launcher/node_modules/grunt-conventional-changelog/node_modules/conventional-changelog/node_modules/jshint requires lodash@'3.7.x' but will load
82 warn unmet dependency /Users/jayeshmori/src/npms/java-ssl/node_modules/chai/node_modules/karma-phantomjs-launcher/node_modules/lodash,
82 warn unmet dependency which is version 3.10.1
83 warn unmet dependency /Users/jayeshmori/src/npms/java-ssl/node_modules/chai/node_modules/karma-phantomjs-launcher/node_modules/grunt-conventional-changelog/node_modules/grunt-cli/node_modules/findup-sync requires lodash@'~2.4.1' but will load
83 warn unmet dependency /Users/jayeshmori/src/npms/java-ssl/node_modules/chai/node_modules/karma-phantomjs-launcher/node_modules/lodash,
83 warn unmet dependency which is version 3.10.1
84 warn unmet dependency /Users/jayeshmori/src/npms/java-ssl/node_modules/chai/node_modules/karma-phantomjs-launcher/node_modules/grunt-conventional-changelog/node_modules/grunt-contrib-nodeunit/node_modules/nodeunit requires tap@'^0.7.1' but will load
84 warn unmet dependency /Users/jayeshmori/src/npms/java-ssl/node_modules/chai/node_modules/karma-phantomjs-launcher/node_modules/grunt-conventional-changelog/node_modules/grunt-contrib-nodeunit/node_modules/tap,
84 warn unmet dependency which is version 0.4.13
85 warn unmet dependency /Users/jayeshmori/src/npms/java-ssl/node_modules/chai/node_modules/karma-phantomjs-launcher/node_modules/grunt-eslint/node_modules/chalk/node_modules/xo requires resolve-from@'^2.0.0' but will load
85 warn unmet dependency /Users/jayeshmori/src/npms/java-ssl/node_modules/chai/node_modules/karma-phantomjs-launcher/node_modules/grunt-eslint/node_modules/chalk/node_modules/resolve-from,
85 warn unmet dependency which is version 1.0.1
86 warn unmet dependency /Users/jayeshmori/src/npms/java-ssl/node_modules/chai/node_modules/karma-phantomjs-launcher/node_modules/grunt-eslint/node_modules/chalk/node_modules/has-ansi/node_modules/ava requires chalk@'^0.5.1' but will load
86 warn unmet dependency /Users/jayeshmori/src/npms/java-ssl/node_modules/chai/node_modules/karma-phantomjs-launcher/node_modules/grunt-eslint/node_modules/chalk,
86 warn unmet dependency which is version 1.1.1
87 warn unmet dependency /Users/jayeshmori/src/npms/java-ssl/node_modules/chai/node_modules/karma-phantomjs-launcher/node_modules/grunt-eslint/node_modules/chalk/node_modules/strip-ansi/node_modules/ava requires chalk@'^0.5.1' but will load
87 warn unmet dependency /Users/jayeshmori/src/npms/java-ssl/node_modules/chai/node_modules/karma-phantomjs-launcher/node_modules/grunt-eslint/node_modules/chalk,
87 warn unmet dependency which is version 1.1.1
88 warn unmet dependency /Users/jayeshmori/src/npms/java-ssl/node_modules/chai/node_modules/karma-phantomjs-launcher/node_modules/grunt-eslint/node_modules/chalk/node_modules/require-uncached/node_modules/ava requires chalk@'^0.5.0' but will load
88 warn unmet dependency /Users/jayeshmori/src/npms/java-ssl/node_modules/chai/node_modules/karma-phantomjs-launcher/node_modules/grunt-eslint/node_modules/chalk,
88 warn unmet dependency which is version 1.1.1
89 warn unmet dependency /Users/jayeshmori/src/npms/java-ssl/node_modules/chai/node_modules/karma-phantomjs-launcher/node_modules/grunt-eslint/node_modules/grunt-cli/node_modules/findup-sync requires lodash@'~2.4.1' but will load
89 warn unmet dependency /Users/jayeshmori/src/npms/java-ssl/node_modules/chai/node_modules/karma-phantomjs-launcher/node_modules/lodash,
89 warn unmet dependency which is version 3.10.1
90 warn unmet dependency /Users/jayeshmori/src/npms/java-ssl/node_modules/chai/node_modules/karma-phantomjs-launcher/node_modules/load-grunt-tasks/node_modules/multimatch/node_modules/minimatch/node_modules/standard requires eslint@'^0.21.0' but will load
90 warn unmet dependency /Users/jayeshmori/src/npms/java-ssl/node_modules/chai/node_modules/karma-phantomjs-launcher/node_modules/eslint,
90 warn unmet dependency which is version 1.10.3
91 warn unmet dependency /Users/jayeshmori/src/npms/java-ssl/node_modules/chai/node_modules/karma-phantomjs-launcher/node_modules/load-grunt-tasks/node_modules/multimatch/node_modules/minimatch/node_modules/standard requires eslint-config-standard@'~1.3.0' but will load
91 warn unmet dependency /Users/jayeshmori/src/npms/java-ssl/node_modules/chai/node_modules/karma-phantomjs-launcher/node_modules/eslint-config-standard,
91 warn unmet dependency which is version 4.4.0
92 warn unmet dependency /Users/jayeshmori/src/npms/java-ssl/node_modules/chai/node_modules/karma-phantomjs-launcher/node_modules/load-grunt-tasks/node_modules/multimatch/node_modules/minimatch/node_modules/standard requires eslint-plugin-react@'^2.1.0' but will load
92 warn unmet dependency /Users/jayeshmori/src/npms/java-ssl/node_modules/chai/node_modules/karma-phantomjs-launcher/node_modules/eslint-plugin-react,
92 warn unmet dependency which is version 3.11.3
93 warn unmet dependency /Users/jayeshmori/src/npms/java-ssl/node_modules/chai/node_modules/karma-phantomjs-launcher/node_modules/load-grunt-tasks/node_modules/grunt-cli/node_modules/findup-sync requires lodash@'~2.4.1' but will load
93 warn unmet dependency /Users/jayeshmori/src/npms/java-ssl/node_modules/chai/node_modules/karma-phantomjs-launcher/node_modules/lodash,
93 warn unmet dependency which is version 3.10.1
94 warn unmet dependency /Users/jayeshmori/src/npms/java-ssl/node_modules/chai/node_modules/karma-phantomjs-launcher/node_modules/load-grunt-tasks/node_modules/xo/node_modules/eslint-config-xo requires deep-assign@'^2.0.0' but will load
94 warn unmet dependency /Users/jayeshmori/src/npms/java-ssl/node_modules/chai/node_modules/karma-phantomjs-launcher/node_modules/load-grunt-tasks/node_modules/xo/node_modules/deep-assign,
94 warn unmet dependency which is version 1.0.0
95 warn unmet dependency /Users/jayeshmori/src/npms/java-ssl/node_modules/chai/node_modules/karma-phantomjs-launcher/node_modules/load-grunt-tasks/node_modules/xo/node_modules/ava requires update-notifier@'^0.5.0' but will load
95 warn unmet dependency /Users/jayeshmori/src/npms/java-ssl/node_modules/chai/node_modules/karma-phantomjs-launcher/node_modules/load-grunt-tasks/node_modules/xo/node_modules/update-notifier,
95 warn unmet dependency which is version 0.6.0
96 warn unmet dependency /Users/jayeshmori/src/npms/java-ssl/node_modules/chai/node_modules/karma-phantomjs-launcher/node_modules/load-grunt-tasks/node_modules/xo/node_modules/xo requires eslint-config-xo@'^0.8.0' but will load
96 warn unmet dependency /Users/jayeshmori/src/npms/java-ssl/node_modules/chai/node_modules/karma-phantomjs-launcher/node_modules/load-grunt-tasks/node_modules/xo/node_modules/eslint-config-xo,
96 warn unmet dependency which is version 0.9.0
97 warn unmet dependency /Users/jayeshmori/src/npms/java-ssl/node_modules/chai/node_modules/karma-phantomjs-launcher/node_modules/load-grunt-tasks/node_modules/xo/node_modules/xo requires eslint-plugin-babel@'^2.1.1' but will load
97 warn unmet dependency /Users/jayeshmori/src/npms/java-ssl/node_modules/chai/node_modules/karma-phantomjs-launcher/node_modules/load-grunt-tasks/node_modules/xo/node_modules/eslint-plugin-babel,
97 warn unmet dependency which is version 3.0.0
98 warn unmet dependency /Users/jayeshmori/src/npms/java-ssl/node_modules/chai/node_modules/karma-phantomjs-launcher/node_modules/load-grunt-tasks/node_modules/xo/node_modules/xo requires globby@'^3.0.0' but will load
98 warn unmet dependency /Users/jayeshmori/src/npms/java-ssl/node_modules/chai/node_modules/karma-phantomjs-launcher/node_modules/load-grunt-tasks/node_modules/xo/node_modules/globby,
98 warn unmet dependency which is version 4.0.0
99 warn unmet dependency /Users/jayeshmori/src/npms/java-ssl/node_modules/chai/node_modules/karma-phantomjs-launcher/node_modules/load-grunt-tasks/node_modules/xo/node_modules/xo requires resolve-from@'^1.0.1' but will load
99 warn unmet dependency /Users/jayeshmori/src/npms/java-ssl/node_modules/chai/node_modules/karma-phantomjs-launcher/node_modules/load-grunt-tasks/node_modules/xo/node_modules/resolve-from,
99 warn unmet dependency which is version 2.0.0
100 warn unmet dependency /Users/jayeshmori/src/npms/java-ssl/node_modules/chai/node_modules/karma-phantomjs-launcher/node_modules/load-grunt-tasks/node_modules/xo/node_modules/xo requires update-notifier@'^0.5.0' but will load
100 warn unmet dependency /Users/jayeshmori/src/npms/java-ssl/node_modules/chai/node_modules/karma-phantomjs-launcher/node_modules/load-grunt-tasks/node_modules/xo/node_modules/update-notifier,
100 warn unmet dependency which is version 0.6.0
101 warn unmet dependency /Users/jayeshmori/src/npms/java-ssl/node_modules/chai/node_modules/karma-phantomjs-launcher/node_modules/load-grunt-tasks/node_modules/grunt-svgmin/node_modules/log-symbols/node_modules/ava requires chalk@'^0.5.1' but will load
101 warn unmet dependency /Users/jayeshmori/src/npms/java-ssl/node_modules/chai/node_modules/karma-phantomjs-launcher/node_modules/load-grunt-tasks/node_modules/grunt-svgmin/node_modules/chalk,
101 warn unmet dependency which is version 1.1.1
102 verbose stack Error: The package karma-phantomjs-launcher does not satisfy its siblings' peerDependencies requirements!
102 verbose stack     at /Users/jayeshmori/.nvm/versions/node/v0.12.4/lib/node_modules/npm/lib/install.js:125:32
102 verbose stack     at /Users/jayeshmori/.nvm/versions/node/v0.12.4/lib/node_modules/npm/lib/install.js:267:7
102 verbose stack     at /Users/jayeshmori/.nvm/versions/node/v0.12.4/lib/node_modules/npm/node_modules/read-installed/read-installed.js:138:5
102 verbose stack     at /Users/jayeshmori/.nvm/versions/node/v0.12.4/lib/node_modules/npm/node_modules/read-installed/read-installed.js:251:14
102 verbose stack     at cb (/Users/jayeshmori/.nvm/versions/node/v0.12.4/lib/node_modules/npm/node_modules/slide/lib/async-map.js:47:24)
102 verbose stack     at /Users/jayeshmori/.nvm/versions/node/v0.12.4/lib/node_modules/npm/node_modules/read-installed/read-installed.js:251:14
102 verbose stack     at cb (/Users/jayeshmori/.nvm/versions/node/v0.12.4/lib/node_modules/npm/node_modules/slide/lib/async-map.js:47:24)
102 verbose stack     at /Users/jayeshmori/.nvm/versions/node/v0.12.4/lib/node_modules/npm/node_modules/read-installed/read-installed.js:251:14
102 verbose stack     at cb (/Users/jayeshmori/.nvm/versions/node/v0.12.4/lib/node_modules/npm/node_modules/slide/lib/async-map.js:47:24)
102 verbose stack     at /Users/jayeshmori/.nvm/versions/node/v0.12.4/lib/node_modules/npm/node_modules/read-installed/read-installed.js:251:14
103 verbose cwd /Users/jayeshmori/src/npms/java-ssl
104 error Darwin 14.3.0
105 error argv "/Users/jayeshmori/.nvm/versions/node/v0.12.4/bin/node" "/Users/jayeshmori/.nvm/versions/node/v0.12.4/bin/npm" "install" "--dev"
106 error node v0.12.4
107 error npm  v2.10.1
108 error code EPEERINVALID
109 error peerinvalid The package karma-phantomjs-launcher does not satisfy its siblings' peerDependencies requirements!
110 verbose exit [ 1, true ]
